<?xml version="1.0" encoding="UTF-8"?>
<testsuite name="per.olvr.main.LCDNumbersTest" tests="1" skipped="0" failures="0" errors="0" timestamp="2019-01-10T04:19:14" hostname="xps" time="0.429">
  <properties/>
  <testcase name="testRenderInput" classname="per.olvr.main.LCDNumbersTest" time="0.429"/>
  <system-out><![CDATA[null
]]></system-out>
  <system-err><![CDATA[]]></system-err>
</testsuite>
