<?xml version="1.0" encoding="UTF-8"?>
<testsuite name="per.olvr.inputreader.InputFileLoaderTest" tests="5" skipped="0" failures="0" errors="0" timestamp="2019-01-10T04:19:14" hostname="xps" time="0.017">
  <properties/>
  <testcase name="testFileLoaderWithNotNumericSize" classname="per.olvr.inputreader.InputFileLoaderTest" time="0.012"/>
  <testcase name="testFileLoaderWithInvalidSize" classname="per.olvr.inputreader.InputFileLoaderTest" time="0.001"/>
  <testcase name="testFileLoader" classname="per.olvr.inputreader.InputFileLoaderTest" time="0.0"/>
  <testcase name="testFileLoaderWithAdditionalData" classname="per.olvr.inputreader.InputFileLoaderTest" time="0.001"/>
  <testcase name="testFileLoaderWithInvalidNumberPart" classname="per.olvr.inputreader.InputFileLoaderTest" time="0.001"/>
  <system-out><![CDATA[The line "1,123,abc" contains more parts than expected. Will try to use the first two parts only.
]]></system-out>
  <system-err><![CDATA[]]></system-err>
</testsuite>
