<?xml version="1.0" encoding="UTF-8"?>
<testsuite name="per.olvr.lcd.LCDScreenRendererTest" tests="2" skipped="0" failures="0" errors="0" timestamp="2019-01-10T04:19:14" hostname="xps" time="0.002">
  <properties/>
  <testcase name="testRenderWithSize2andNumber7" classname="per.olvr.lcd.LCDScreenRendererTest" time="0.002"/>
  <testcase name="testRenderWithSize1andNumber8" classname="per.olvr.lcd.LCDScreenRendererTest" time="0.0"/>
  <system-out><![CDATA[]]></system-out>
  <system-err><![CDATA[]]></system-err>
</testsuite>
